Build started 5/29/2015 5:38:58 PM.
     1>Project "C:\Robotics\Eigenfaces\eigenfacesRichardson\bytefish\bytefish.vcxproj" on node 3 (Build target(s)).
     1>ClCompile:
         E:\Program Files (x86)\Microsoft Visual Studio 12.0\VC\bin\CL.exe /c /Zi /nologo /W3 /WX- /O2 /Oi /Oy- /GL /D WIN32 /D NDEBUG /D _CONSOLE /D _LIB /D _UNICODE /D UNICODE /Gm- /EHsc /MD /GS /Gy /fp:precise /Zc:wchar_t /Zc:forScope /Fo"Release\\" /Fd"Release\vc120.pdb" /Gd /TP /analyze- /errorReport:prompt "..\..\..\..\builds\opencv-master\eigenfaces\src\eigenfaces.cpp" "..\..\..\..\builds\opencv-master\eigenfaces\src\helper.cpp" "..\..\..\..\builds\opencv-master\eigenfaces\src\main.cpp"
         eigenfaces.cpp
     1>c1xx : fatal error C1083: Cannot open source file: '..\..\..\..\builds\opencv-master\eigenfaces\src\eigenfaces.cpp': No such file or directory
         helper.cpp
     1>c1xx : fatal error C1083: Cannot open source file: '..\..\..\..\builds\opencv-master\eigenfaces\src\helper.cpp': No such file or directory
         main.cpp
     1>c1xx : fatal error C1083: Cannot open source file: '..\..\..\..\builds\opencv-master\eigenfaces\src\main.cpp': No such file or directory
     1>Done Building Project "C:\Robotics\Eigenfaces\eigenfacesRichardson\bytefish\bytefish.vcxproj" (Build target(s)) -- FAILED.

Build FAILED.

Time Elapsed 00:00:00.92
